Performing C SOURCE FILE Test CMAKE_HAVE_LIBC_PTHREAD failed with the following output:
Change Dir: /home/wolf/Documents/stevenCode/parcelCounter/build/CMakeFiles/CMakeTmp

Run Build Command(s):/usr/bin/make cmTC_cb59d/fast && /usr/bin/make -f CMakeFiles/cmTC_cb59d.dir/build.make CMakeFiles/cmTC_cb59d.dir/build
make[1]: Entering directory '/home/wolf/Documents/stevenCode/parcelCounter/build/CMakeFiles/CMakeTmp'
Building C object CMakeFiles/cmTC_cb59d.dir/src.c.o
/usr/bin/cc   -fPIC -DCMAKE_HAVE_LIBC_PTHREAD   -o CMakeFiles/cmTC_cb59d.dir/src.c.o   -c /home/wolf/Documents/stevenCode/parcelCounter/build/CMakeFiles/CMakeTmp/src.c
Linking C executable cmTC_cb59d
/usr/local/bin/cmake -E cmake_link_script CMakeFiles/cmTC_cb59d.dir/link.txt --verbose=1
/usr/bin/cc -fPIC -DCMAKE_HAVE_LIBC_PTHREAD    -rdynamic CMakeFiles/cmTC_cb59d.dir/src.c.o  -o cmTC_cb59d 
CMakeFiles/cmTC_cb59d.dir/src.c.o: In function `main':
src.c:(.text+0x3e): undefined reference to `pthread_create'
src.c:(.text+0x4a): undefined reference to `pthread_detach'
src.c:(.text+0x5b): undefined reference to `pthread_join'
src.c:(.text+0x6f): undefined reference to `pthread_atfork'
collect2: error: ld returned 1 exit status
CMakeFiles/cmTC_cb59d.dir/build.make:86: recipe for target 'cmTC_cb59d' failed
make[1]: *** [cmTC_cb59d] Error 1
make[1]: Leaving directory '/home/wolf/Documents/stevenCode/parcelCounter/build/CMakeFiles/CMakeTmp'
Makefile:121: recipe for target 'cmTC_cb59d/fast' failed
make: *** [cmTC_cb59d/fast] Error 2


Source file was:
#include <pthread.h>

void* test_func(void* data)
{
  return data;
}

int main(void)
{
  pthread_t thread;
  pthread_create(&thread, NULL, test_func, NULL);
  pthread_detach(thread);
  pthread_join(thread, NULL);
  pthread_atfork(NULL, NULL, NULL);
  pthread_exit(NULL);

  return 0;
}

Determining if the function pthread_create exists in the pthreads failed with the following output:
Change Dir: /home/wolf/Documents/stevenCode/parcelCounter/build/CMakeFiles/CMakeTmp

Run Build Command(s):/usr/bin/make cmTC_efdd2/fast && /usr/bin/make -f CMakeFiles/cmTC_efdd2.dir/build.make CMakeFiles/cmTC_efdd2.dir/build
make[1]: Entering directory '/home/wolf/Documents/stevenCode/parcelCounter/build/CMakeFiles/CMakeTmp'
Building C object CMakeFiles/cmTC_efdd2.dir/CheckFunctionExists.c.o
/usr/bin/cc   -fPIC -DCHECK_FUNCTION_EXISTS=pthread_create   -o CMakeFiles/cmTC_efdd2.dir/CheckFunctionExists.c.o   -c /usr/local/share/cmake-3.16/Modules/CheckFunctionExists.c
Linking C executable cmTC_efdd2
/usr/local/bin/cmake -E cmake_link_script CMakeFiles/cmTC_efdd2.dir/link.txt --verbose=1
/usr/bin/cc -fPIC -DCHECK_FUNCTION_EXISTS=pthread_create    -rdynamic CMakeFiles/cmTC_efdd2.dir/CheckFunctionExists.c.o  -o cmTC_efdd2  -lpthreads 
/usr/bin/ld: cannot find -lpthreads
collect2: error: ld returned 1 exit status
CMakeFiles/cmTC_efdd2.dir/build.make:86: recipe for target 'cmTC_efdd2' failed
make[1]: *** [cmTC_efdd2] Error 1
make[1]: Leaving directory '/home/wolf/Documents/stevenCode/parcelCounter/build/CMakeFiles/CMakeTmp'
Makefile:121: recipe for target 'cmTC_efdd2/fast' failed
make: *** [cmTC_efdd2/fast] Error 2



